ERROR - 2025-11-01 13:04:23 --> Error connecting to the database: mysqli_sql_exception: Access denied for user ''@'localhost' (using password: NO) in D:\XAMPP\htdocs\WarehouseSystem\system\Database\MySQLi\Connection.php:201
Stack trace:
#0 D:\XAMPP\htdocs\WarehouseSystem\system\Database\MySQLi\Connection.php(201): mysqli->real_connect('localhost', '', Object(SensitiveParameterValue), '', 3306, '', 0)
#1 D:\XAMPP\htdocs\WarehouseSystem\system\Database\BaseConnection.php(419): CodeIgniter\Database\MySQLi\Connection->connect(false)
#2 D:\XAMPP\htdocs\WarehouseSystem\system\Database\Database.php(72): CodeIgniter\Database\BaseConnection->initialize()
#3 D:\XAMPP\htdocs\WarehouseSystem\system\Database\Config.php(109): CodeIgniter\Database\Database->loadForge(Object(CodeIgniter\Database\MySQLi\Connection))
#4 D:\XAMPP\htdocs\WarehouseSystem\system\Database\Seeder.php(98): CodeIgniter\Database\Config::forge(NULL)
#5 D:\XAMPP\htdocs\WarehouseSystem\system\Commands\Database\Seed.php(71): CodeIgniter\Database\Seeder->__construct(Object(Config\Database))
#6 D:\XAMPP\htdocs\WarehouseSystem\system\CLI\Commands.php(74): CodeIgniter\Commands\Database\Seed->run(Array)
#7 D:\XAMPP\htdocs\WarehouseSystem\system\CLI\Console.php(47): CodeIgniter\CLI\Commands->run('db:seed', Array)
#8 D:\XAMPP\htdocs\WarehouseSystem\system\Boot.php(388): CodeIgniter\CLI\Console->run()
#9 D:\XAMPP\htdocs\WarehouseSystem\system\Boot.php(133): CodeIgniter\Boot::runCommand(Object(CodeIgniter\CLI\Console))
#10 D:\XAMPP\htdocs\WarehouseSystem\spark(87): CodeIgniter\Boot::bootSpark(Object(Config\Paths))
#11 {main}

Next CodeIgniter\Database\Exceptions\DatabaseException: Access denied for user ''@'localhost' (using password: NO) in D:\XAMPP\htdocs\WarehouseSystem\system\Database\MySQLi\Connection.php:246
Stack trace:
#0 D:\XAMPP\htdocs\WarehouseSystem\system\Database\BaseConnection.php(419): CodeIgniter\Database\MySQLi\Connection->connect(false)
#1 D:\XAMPP\htdocs\WarehouseSystem\system\Database\Database.php(72): CodeIgniter\Database\BaseConnection->initialize()
#2 D:\XAMPP\htdocs\WarehouseSystem\system\Database\Config.php(109): CodeIgniter\Database\Database->loadForge(Object(CodeIgniter\Database\MySQLi\Connection))
#3 D:\XAMPP\htdocs\WarehouseSystem\system\Database\Seeder.php(98): CodeIgniter\Database\Config::forge(NULL)
#4 D:\XAMPP\htdocs\WarehouseSystem\system\Commands\Database\Seed.php(71): CodeIgniter\Database\Seeder->__construct(Object(Config\Database))
#5 D:\XAMPP\htdocs\WarehouseSystem\system\CLI\Commands.php(74): CodeIgniter\Commands\Database\Seed->run(Array)
#6 D:\XAMPP\htdocs\WarehouseSystem\system\CLI\Console.php(47): CodeIgniter\CLI\Commands->run('db:seed', Array)
#7 D:\XAMPP\htdocs\WarehouseSystem\system\Boot.php(388): CodeIgniter\CLI\Console->run()
#8 D:\XAMPP\htdocs\WarehouseSystem\system\Boot.php(133): CodeIgniter\Boot::runCommand(Object(CodeIgniter\CLI\Console))
#9 D:\XAMPP\htdocs\WarehouseSystem\spark(87): CodeIgniter\Boot::bootSpark(Object(Config\Paths))
#10 {main}
CRITICAL - 2025-11-01 13:04:23 --> CodeIgniter\Database\Exceptions\DatabaseException: Unable to connect to the database.
Main connection [MySQLi]: Access denied for user ''@'localhost' (using password: NO)
[Method: CLI, Route: db:seed/UserSeeder]
in SYSTEMPATH\Database\BaseConnection.php on line 465.
 1 SYSTEMPATH\Database\Database.php(72): CodeIgniter\Database\BaseConnection->initialize()
 2 SYSTEMPATH\Database\Config.php(109): CodeIgniter\Database\Database->loadForge(Object(CodeIgniter\Database\MySQLi\Connection))
 3 SYSTEMPATH\Database\Seeder.php(98): CodeIgniter\Database\Config::forge(null)
 4 SYSTEMPATH\Commands\Database\Seed.php(71): CodeIgniter\Database\Seeder->__construct(Object(Config\Database))
 5 SYSTEMPATH\CLI\Commands.php(74): CodeIgniter\Commands\Database\Seed->run([...])
 6 SYSTEMPATH\CLI\Console.php(47): CodeIgniter\CLI\Commands->run('db:seed', [...])
 7 SYSTEMPATH\Boot.php(388): CodeIgniter\CLI\Console->run()
 8 SYSTEMPATH\Boot.php(133): CodeIgniter\Boot::runCommand(Object(CodeIgniter\CLI\Console))
 9 ROOTPATH\spark(87): CodeIgniter\Boot::bootSpark(Object(Config\Paths))
CRITICAL - 2025-11-01 13:10:59 --> Error: Class "App\Models\UserModel" not found
[Method: GET, Route: /]
in APPPATH\Controllers\Auth.php on line 15.
 1 SYSTEMPATH\CodeIgniter.php(903): App\Controllers\Auth->__construct()
 2 SYSTEMPATH\CodeIgniter.php(498): CodeIgniter\CodeIgniter->createController()
 3 SYSTEMPATH\CodeIgniter.php(354): CodeIgniter\CodeIgniter->handleRequest(null, Object(Config\Cache), false)
 4 SYSTEMPATH\Boot.php(363): CodeIgniter\CodeIgniter->run()
 5 SYSTEMPATH\Boot.php(68): CodeIgniter\Boot::runCodeIgniter(Object(CodeIgniter\CodeIgniter))
 6 FCPATH\index.php(59): CodeIgniter\Boot::bootWeb(Object(Config\Paths))
CRITICAL - 2025-11-01 13:11:01 --> Error: Class "App\Models\UserModel" not found
[Method: GET, Route: /]
in APPPATH\Controllers\Auth.php on line 15.
 1 SYSTEMPATH\CodeIgniter.php(903): App\Controllers\Auth->__construct()
 2 SYSTEMPATH\CodeIgniter.php(498): CodeIgniter\CodeIgniter->createController()
 3 SYSTEMPATH\CodeIgniter.php(354): CodeIgniter\CodeIgniter->handleRequest(null, Object(Config\Cache), false)
 4 SYSTEMPATH\Boot.php(363): CodeIgniter\CodeIgniter->run()
 5 SYSTEMPATH\Boot.php(68): CodeIgniter\Boot::runCodeIgniter(Object(CodeIgniter\CodeIgniter))
 6 FCPATH\index.php(59): CodeIgniter\Boot::bootWeb(Object(Config\Paths))
CRITICAL - 2025-11-01 13:14:09 --> Error: Class "App\Models\UserModel" not found
[Method: GET, Route: /]
in APPPATH\Controllers\Auth.php on line 15.
 1 SYSTEMPATH\CodeIgniter.php(903): App\Controllers\Auth->__construct()
 2 SYSTEMPATH\CodeIgniter.php(498): CodeIgniter\CodeIgniter->createController()
 3 SYSTEMPATH\CodeIgniter.php(354): CodeIgniter\CodeIgniter->handleRequest(null, Object(Config\Cache), false)
 4 SYSTEMPATH\Boot.php(363): CodeIgniter\CodeIgniter->run()
 5 SYSTEMPATH\Boot.php(68): CodeIgniter\Boot::runCodeIgniter(Object(CodeIgniter\CodeIgniter))
 6 FCPATH\index.php(59): CodeIgniter\Boot::bootWeb(Object(Config\Paths))
